   0.0     0.00e+00     1.00e-08
   1.0     2.18e-03     2.98e-05
   2.0     6.20e-03     6.76e-05
   3.0     1.08e-02     1.00e-04
   4.0     1.66e-02     1.07e-04
   5.0     2.31e-02     1.56e-04
   6.0     2.88e-02     1.60e-04
   7.0     3.49e-02     1.91e-04
   8.0     4.06e-02     2.01e-04
   9.0     4.68e-02     1.93e-04
  10.0     5.29e-02     2.40e-04
  11.0     5.81e-02     2.32e-04
  12.0     6.34e-02     2.61e-04
  13.0     6.87e-02     2.50e-04
  14.0     7.40e-02     2.71e-04
  15.0     7.88e-02     2.96e-04
  16.0     8.37e-02     2.74e-04
  17.0     8.85e-02     2.91e-04
  18.0     9.28e-02     3.07e-04
  19.0     9.65e-02     3.16e-04
  20.0     9.97e-02     3.35e-04
  21.0     1.03e-01     3.08e-04
  22.0     1.07e-01     3.26e-04
  23.0     1.10e-01     3.33e-04
  24.0     1.13e-01     3.44e-04
  25.0     1.15e-01     3.29e-04
  26.0     1.17e-01     3.41e-04
  27.0     1.18e-01     3.53e-04
  28.0     1.18e-01     3.35e-04
  29.0     1.19e-01     3.51e-04
  30.0     1.19e-01     3.31e-04
  31.0     1.19e-01     3.42e-04
  32.0     1.18e-01     3.49e-04
  33.0     1.18e-01     3.36e-04
  34.0     1.18e-01     3.29e-04
  35.0     1.17e-01     3.33e-04
  36.0     1.16e-01     3.34e-04
  37.0     1.17e-01     3.43e-04
  38.0     1.17e-01     3.35e-04
  39.0     1.17e-01     3.49e-04
  40.0     1.18e-01     3.41e-04
  41.0     1.19e-01     3.59e-04
  42.0     1.21e-01     3.61e-04
  43.0     1.23e-01     3.65e-04
  44.0     1.26e-01     3.86e-04
  45.0     1.29e-01     3.87e-04
  46.0     1.31e-01     4.13e-04
  47.0     1.35e-01     4.14e-04
  48.0     1.40e-01     4.36e-04
  49.0     1.44e-01     4.55e-04
  50.0     1.48e-01     4.73e-04
  51.0     1.53e-01     5.02e-04
  52.0     1.57e-01     5.08e-04
  53.0     1.62e-01     5.74e-04
  54.0     1.66e-01     5.85e-04
  55.0     1.71e-01     6.15e-04
  56.0     1.74e-01     6.84e-04
  57.0     1.75e-01     6.71e-04
  58.0     1.78e-01     7.97e-04
